<?xml version="1.0" encoding="UTF-8"?>
<coverage generated="1664893317631" clover="3.2.0">
  <project timestamp="1664893317631" name="All files">
    <metrics statements="6" coveredstatements="2" conditionals="0" coveredconditionals="0" methods="1" coveredmethods="0" elements="7" coveredelements="2" complexity="0" loc="6" ncloc="6" packages="1" files="1" classes="1"/>
    <file name="workflows.ts" path="/Users/brianhogan/dev/money-transfer-project-template-ts/src/workflows.ts">
      <metrics statements="6" coveredstatements="2" conditionals="0" coveredconditionals="0" methods="1" coveredmethods="0"/>
      <line num="1" count="1" type="stmt"/>
      <line num="5" count="1" type="stmt"/>
      <line num="6" count="0" type="stmt"/>
      <line num="10" count="0" type="stmt"/>
      <line num="11" count="0" type="stmt"/>
      <line num="13" count="0" type="stmt"/>
    </file>
  </project>
</coverage>
