{"/Users/brianhogan/dev/money-transfer-project-template-ts/src/workflows.ts": {"path":"/Users/brianhogan/dev/money-transfer-project-template-ts/src/workflows.ts","statementMap":{"0":{"start":{"line":1,"column":0},"end":{"line":1,"column":55}},"1":{"start":{"line":6,"column":31},"end":{"line":8,"column":4}},"2":{"start":{"line":10,"column":26},"end":{"line":10,"column":49}},"3":{"start":{"line":11,"column":25},"end":{"line":11,"column":47}},"4":{"start":{"line":13,"column":2},"end":{"line":13,"column":82}},"5":{"start":{"line":5,"column":0},"end":{"line":5,"column":7}}},"fnMap":{"0":{"name":"moneyTransfer","decl":{"start":{"line":5,"column":22},"end":{"line":5,"column":35}},"loc":{"start":{"line":5,"column":59},"end":{"line":15,"column":1}}}},"branchMap":{},"s":{"0":1,"1":0,"2":0,"3":0,"4":0,"5":1},"f":{"0":0},"b":{}}
}
